app/build/intermediates/manifest_merge_blame_file/debug/manifest-merger-blame-debug-report.txt
1<?xml version="1.0" encoding="utf-8"?>
2<manifest xmlns:android="http://schemas.android.com/apk/res/android"
3    package="com.example.augerregistervisitor"
4    android:versionCode="1"
5    android:versionName="1.0" >
6
7    <uses-sdk
8        android:minSdkVersion="19"
8-->src/main/AndroidManifest.xml
9        android:targetSdkVersion="28" />
9-->src/main/AndroidManifest.xml
10
11    <uses-permission android:name="android.permission.INTERNET" />
11-->src/main/AndroidManifest.xml:5:5-66
11-->src/main/AndroidManifest.xml:5:22-64
12    <uses-permission android:name="android.permission.REORDER_TASKS" />
12-->src/main/AndroidManifest.xml:6:5-71
12-->src/main/AndroidManifest.xml:6:22-69
13
14    <application
14-->src/main/AndroidManifest.xml:8:5-26:19
15        android:allowBackup="true"
15-->src/main/AndroidManifest.xml:9:9-35
16        android:appComponentFactory="android.support.v4.app.CoreComponentFactory"
16-->[com.android.support:support-compat:28.0.0] AndroidManifest.xml:22:18-91
17        android:debuggable="true"
18        android:icon="@mipmap/ic_launcher"
18-->src/main/AndroidManifest.xml:10:9-43
19        android:label="@string/app_name"
19-->src/main/AndroidManifest.xml:11:9-41
20        android:roundIcon="@mipmap/ic_launcher_round"
20-->src/main/AndroidManifest.xml:12:9-54
21        android:supportsRtl="true"
21-->src/main/AndroidManifest.xml:13:9-35
22        android:testOnly="true"
23        android:theme="@style/PantallaCompleta" >
23-->src/main/AndroidManifest.xml:14:9-48
24        <activity
24-->src/main/AndroidManifest.xml:15:9-25:20
25            android:name="com.example.augerregistervisitor.MainActivity"
25-->src/main/AndroidManifest.xml:15:19-47
26            android:launchMode="singleInstance"
26-->src/main/AndroidManifest.xml:17:13-48
27            android:screenOrientation="fullSensor" >
27-->src/main/AndroidManifest.xml:16:13-51
28            <intent-filter>
28-->src/main/AndroidManifest.xml:18:13-24:29
29                <action android:name="android.intent.action.MAIN" />
29-->src/main/AndroidManifest.xml:19:17-69
29-->src/main/AndroidManifest.xml:19:25-66
30
31                <category android:name="android.intent.category.LAUNCHER" />
31-->src/main/AndroidManifest.xml:21:17-77
31-->src/main/AndroidManifest.xml:21:27-74
32                <category android:name="android.intent.category.HOME" />
32-->src/main/AndroidManifest.xml:22:17-73
32-->src/main/AndroidManifest.xml:22:27-70
33                <category android:name="android.intent.category.DEFAULT" />
33-->src/main/AndroidManifest.xml:23:17-76
33-->src/main/AndroidManifest.xml:23:27-73
34            </intent-filter>
35        </activity>
36    </application>
37
38</manifest>